[2023-04-18 11:20:19 INFO]: install::setup-logging ended
================
[2023-04-18 11:20:19 INFO]: install::start-up started
[2023-04-18 11:20:19 INFO]: install::start-up starting services
[2023-04-18 11:21:22 INFO]: install::root-check started
[2023-04-18 11:21:22 INFO]: install::root-check ended
================
[2023-04-18 11:21:22 INFO]: install::docker-check started
[2023-04-18 11:21:22 INFO]: install::docker-check ended
================
[2023-04-18 11:21:22 INFO]: install::docker-compose-check started
[2023-04-18 11:21:22 INFO]: install::docker-compose-check ended
================
[2023-04-18 11:21:22 INFO]: install::tear-down started
[2023-04-18 11:21:22 INFO]: install::compress started
[2023-04-18 11:21:22 INFO]: install::compress changing directory to db
[2023-04-18 11:21:22 INFO]: install::compress compressing db/data_dump 
[2023-04-18 11:21:22 INFO]: install::compress removing data_dump 
[2023-04-18 11:21:22 INFO]: install::compress changing directory back
[2023-04-18 11:21:22 INFO]: install::compress ended
================
[2023-04-18 11:21:22 INFO]: install::compress starting services
[2023-04-18 11:21:22 INFO]: install::compress ended
================
